hdf5 is not supported on this machine (please install/reinstall h5py for optimal experience)
x0 Tensor("gcn/Conv2D_2/Relu:0", shape=(1, 112, 112, 32), dtype=float32)
x0 ['OVERLOADABLE_OPERATORS', 'W', '__abs__', '__add__', '__and__', '__array_priority__', '__bool__', '__class__', '__delattr__', '__dict__', '__div__', '__doc__', '__eq__', '__floordiv__', '__format__', '__ge__', '__getattribute__', '__getitem__', '__gt__', '__hash__', '__init__', '__invert__', '__iter__', '__le__', '__lt__', '__matmul__', '__mod__', '__module__', '__mul__', '__neg__', '__new__', '__nonzero__', '__or__', '__pow__', '__radd__', '__rand__', '__rdiv__', '__reduce__', '__reduce_ex__', '__repr__', '__rfloordiv__', '__rmatmul__', '__rmod__', '__rmul__', '__ror__', '__rpow__', '__rsub__', '__rtruediv__', '__rxor__', '__setattr__', '__sizeof__', '__str__', '__sub__', '__subclasshook__', '__truediv__', '__weakref__', '__xor__', '_add_consumer', '_as_node_def_input', '_as_tf_output', '_consumers', '_dtype', '_handle_data', '_op', '_override_operator', '_shape', '_shape_as_list', '_value_index', 'b', 'consumers', 'device', 'dtype', 'eval', 'get_shape', 'graph', 'name', 'op', 'scope', 'set_shape', 'shape', 'value_index']
/home/mapa3789/anaconda2/envs/py2tf1.3/lib/python2.7/site-packages/tensorflow/python/ops/gradients_impl.py:95: UserWarning: Converting sparse IndexedSlices to a dense Tensor of unknown shape. This may consume a large amount of memory.
  "Converting sparse IndexedSlices to a dense Tensor of unknown shape. "
2020-03-19 16:11:59.223665: W tensorflow/core/platform/cpu_feature_guard.cc:45] The TensorFlow library wasn't compiled to use SSE4.1 instructions, but these are available on your machine and could speed up CPU computations.
2020-03-19 16:11:59.224139: W tensorflow/core/platform/cpu_feature_guard.cc:45] The TensorFlow library wasn't compiled to use SSE4.2 instructions, but these are available on your machine and could speed up CPU computations.
2020-03-19 16:11:59.224145: W tensorflow/core/platform/cpu_feature_guard.cc:45] The TensorFlow library wasn't compiled to use AVX instructions, but these are available on your machine and could speed up CPU computations.
2020-03-19 16:11:59.224149: W tensorflow/core/platform/cpu_feature_guard.cc:45] The TensorFlow library wasn't compiled to use AVX2 instructions, but these are available on your machine and could speed up CPU computations.
2020-03-19 16:11:59.224152: W tensorflow/core/platform/cpu_feature_guard.cc:45] The TensorFlow library wasn't compiled to use FMA instructions, but these are available on your machine and could speed up CPU computations.
/home/mapa3789/anaconda2/envs/py2tf1.3/lib/python2.7/site-packages/skimage/transform/_warps.py:105: UserWarning: The default mode, 'constant', will be changed to 'reflect' in skimage 0.15.
  warn("The default mode, 'constant', will be changed to 'reflect' in "
/home/mapa3789/anaconda2/envs/py2tf1.3/lib/python2.7/site-packages/skimage/transform/_warps.py:110: UserWarning: Anti-aliasing will be enabled by default in skimage 0.15 to avoid aliasing artifacts when down-sampling images.
  warn("Anti-aliasing will be enabled by default in skimage 0.15 to "
2020-03-19 16:11:59.272649: I tensorflow/stream_executor/cuda/cuda_gpu_executor.cc:893] successful NUMA node read from SysFS had negative value (-1), but there must be at least one NUMA node, so returning NUMA node zero
2020-03-19 16:11:59.273189: I tensorflow/core/common_runtime/gpu/gpu_device.cc:955] Found device 0 with properties: 
name: GeForce GTX TITAN X
major: 5 minor: 2 memoryClockRate (GHz) 1.076
pciBusID 0000:01:00.0
Total memory: 11.93GiB
Free memory: 11.77GiB
2020-03-19 16:11:59.273202: I tensorflow/core/common_runtime/gpu/gpu_device.cc:976] DMA: 0 
2020-03-19 16:11:59.273218: I tensorflow/core/common_runtime/gpu/gpu_device.cc:986] 0:   Y 
2020-03-19 16:11:59.273224: I tensorflow/core/common_runtime/gpu/gpu_device.cc:1045] Creating TensorFlow device (/gpu:0) -> (device: 0, name: GeForce GTX TITAN X, pci bus id: 0000:01:00.0)
Model restored from file: Data/checkpoint/2020_03_19_14_21_00/gcn.ckpt
processed number 0
processed number 1
processed number 2
processed number 3
processed number 4
processed number 5
processed number 6
processed number 7
processed number 8
processed number 9
processed number 10
processed number 11
processed number 12
processed number 13
processed number 14
processed number 15
processed number 16
processed number 17
processed number 18
processed number 19
processed number 20
processed number 21
processed number 22
processed number 23
processed number 24
processed number 25
processed number 26
processed number 27
processed number 28
processed number 29
processed number 30
processed number 31
processed number 32
processed number 33
processed number 34
processed number 35
processed number 36
processed number 37
processed number 38
processed number 39
processed number 40
processed number 41
processed number 42
processed number 43
processed number 44
processed number 45
processed number 46
processed number 47
processed number 48
processed number 49
processed number 50
processed number 51
processed number 52
processed number 53
processed number 54
processed number 55
processed number 56
processed number 57
processed number 58
processed number 59
processed number 60
processed number 61
processed number 62
processed number 63
processed number 64
processed number 65
processed number 66
processed number 67
processed number 68
processed number 69
processed number 70
processed number 71
processed number 72
processed number 73
processed number 74
processed number 75
processed number 76
processed number 77
processed number 78
processed number 79
processed number 80
processed number 81
processed number 82
processed number 83
processed number 84
processed number 85
processed number 86
processed number 87
processed number 88
processed number 89
processed number 90
processed number 91
processed number 92
processed number 93
processed number 94
processed number 95
processed number 96
processed number 97
processed number 98
processed number 99
processed number 100
processed number 101
processed number 102
processed number 103
processed number 104
processed number 105
processed number 106
processed number 107
processed number 108
processed number 109
processed number 110
processed number 111
processed number 112
processed number 113
processed number 114
processed number 115
processed number 116
processed number 117
processed number 118
processed number 119
processed number 120
processed number 121
processed number 122
processed number 123
processed number 124
processed number 125
processed number 126
processed number 127
processed number 128
processed number 129
processed number 130
processed number 131
processed number 132
processed number 133
processed number 134
processed number 135
processed number 136
processed number 137
processed number 138
processed number 139
processed number 140
processed number 141
processed number 142
processed number 143
processed number 144
processed number 145
processed number 146
processed number 147
processed number 148
processed number 149
processed number 150
processed number 151
processed number 152
processed number 153
processed number 154
processed number 155
processed number 156
processed number 157
processed number 158
processed number 159
processed number 160
processed number 161
processed number 162
processed number 163
processed number 164
processed number 165
processed number 166
processed number 167
processed number 168
processed number 169
processed number 170
processed number 171
processed number 172
processed number 173
processed number 174
processed number 175
processed number 176
processed number 177
processed number 178
processed number 179
processed number 180
processed number 181
processed number 182
processed number 183
processed number 184
processed number 185
processed number 186
processed number 187
processed number 188
processed number 189
processed number 190
processed number 191
processed number 192
processed number 193
processed number 194
processed number 195
processed number 196
processed number 197
processed number 198
processed number 199
processed number 200
processed number 201
processed number 202
processed number 203
processed number 204
processed number 205
processed number 206
processed number 207
processed number 208
processed number 209
processed number 210
processed number 211
processed number 212
processed number 213
processed number 214
processed number 215
processed number 216
processed number 217
processed number 218
processed number 219
processed number 220
processed number 221
processed number 222
processed number 223
processed number 224
processed number 225
processed number 226
processed number 227
processed number 228
processed number 229
processed number 230
processed number 231
processed number 232
processed number 233
processed number 234
processed number 235
processed number 236
processed number 237
processed number 238
processed number 239
processed number 240
processed number 241
processed number 242
processed number 243
processed number 244
processed number 245
processed number 246
processed number 247
processed number 248
processed number 249
processed number 250
processed number 251
processed number 252
processed number 253
processed number 254
processed number 255
processed number 256
processed number 257
processed number 258
processed number 259
processed number 260
processed number 261
processed number 262
processed number 263
processed number 264
processed number 265
processed number 266
processed number 267
processed number 268
processed number 269
processed number 270
processed number 271
processed number 272
processed number 273
processed number 274
processed number 275
processed number 276
processed number 277
processed number 278
processed number 279
processed number 280
processed number 281
processed number 282
processed number 283
processed number 284
processed number 285
processed number 286
processed number 287
processed number 288
processed number 289
processed number 290
processed number 291
processed number 292
processed number 293
processed number 294
processed number 295
processed number 296
processed number 297
processed number 298
processed number 299
processed number 300
processed number 301
processed number 302
processed number 303
processed number 304
processed number 305
processed number 306
processed number 307
processed number 308
processed number 309
processed number 310
processed number 311
processed number 312
processed number 313
processed number 314
processed number 315
processed number 316
processed number 317
processed number 318
processed number 319
processed number 320
processed number 321
processed number 322
processed number 323
processed number 324
processed number 325
processed number 326
processed number 327
processed number 328
processed number 329
processed number 330
processed number 331
processed number 332
processed number 333
processed number 334
processed number 335
processed number 336
processed number 337
processed number 338
processed number 339
processed number 340
processed number 341
processed number 342
processed number 343
processed number 344
processed number 345
processed number 346
processed number 347
processed number 348
processed number 349
processed number 350
processed number 351
processed number 352
processed number 353
processed number 354
processed number 355
processed number 356
processed number 357
processed number 358
processed number 359
processed number 360
processed number 361
processed number 362
processed number 363
processed number 364
processed number 365
processed number 366
processed number 367
processed number 368
processed number 369
processed number 370
processed number 371
processed number 372
processed number 373
processed number 374
processed number 375
processed number 376
processed number 377
processed number 378
processed number 379
processed number 380
processed number 381
processed number 382
processed number 383
processed number 384
processed number 385
processed number 386
processed number 387
processed number 388
processed number 389
processed number 390
processed number 391
processed number 392
processed number 393
processed number 394
processed number 395
processed number 396
processed number 397
processed number 398
processed number 399
processed number 400
processed number 401
processed number 402
processed number 403
processed number 404
processed number 405
processed number 406
processed number 407
processed number 408
processed number 409
processed number 410
processed number 411
processed number 412
processed number 413
processed number 414
processed number 415
processed number 416
processed number 417
processed number 418
processed number 419
processed number 420
processed number 421
processed number 422
processed number 423
processed number 424
processed number 425
processed number 426
processed number 427
processed number 428
processed number 429
processed number 430
processed number 431
processed number 432
processed number 433
processed number 434
processed number 435
processed number 436
processed number 437
processed number 438
processed number 439
processed number 440
processed number 441
processed number 442
processed number 443
processed number 444
processed number 445
processed number 446
processed number 447
processed number 448
processed number 449
processed number 450
processed number 451
processed number 452
processed number 453
processed number 454
processed number 455
processed number 456
processed number 457
processed number 458
processed number 459
processed number 460
processed number 461
processed number 462
processed number 463
processed number 464
processed number 465
processed number 466
processed number 467
processed number 468
processed number 469
processed number 470
processed number 471
processed number 472
processed number 473
processed number 474
processed number 475
processed number 476
processed number 477
processed number 478
processed number 479
processed number 480
processed number 481
processed number 482
processed number 483
processed number 484
processed number 485
processed number 486
processed number 487
processed number 488
processed number 489
processed number 490
processed number 491
processed number 492
processed number 493
processed number 494
processed number 495
processed number 496
processed number 497
processed number 498
processed number 499
processed number 500
processed number 501
processed number 502
processed number 503
processed number 504
processed number 505
processed number 506
processed number 507
processed number 508
processed number 509
processed number 510
processed number 511
processed number 512
processed number 513
processed number 514
processed number 515
processed number 516
processed number 517
processed number 518
processed number 519
processed number 520
processed number 521
processed number 522
processed number 523
processed number 524
processed number 525
processed number 526
processed number 527
processed number 528
processed number 529
processed number 530
processed number 531
processed number 532
processed number 533
processed number 534
processed number 535
processed number 536
processed number 537
processed number 538
processed number 539
processed number 540
processed number 541
processed number 542
processed number 543
processed number 544
processed number 545
processed number 546
processed number 547
processed number 548
processed number 549
processed number 550
processed number 551
processed number 552
processed number 553
processed number 554
processed number 555
processed number 556
processed number 557
processed number 558
processed number 559
processed number 560
processed number 561
processed number 562
processed number 563
processed number 564
processed number 565
processed number 566
processed number 567
processed number 568
processed number 569
processed number 570
processed number 571
processed number 572
processed number 573
processed number 574
processed number 575
processed number 576
processed number 577
processed number 578
processed number 579
processed number 580
processed number 581
processed number 582
processed number 583
processed number 584
processed number 585
processed number 586
processed number 587
processed number 588
processed number 589
processed number 590
processed number 591
processed number 592
processed number 593
processed number 594
processed number 595
processed number 596
processed number 597
processed number 598
processed number 599
processed number 600
processed number 601
processed number 602
processed number 603
processed number 604
processed number 605
processed number 606
processed number 607
processed number 608
processed number 609
processed number 610
processed number 611
processed number 612
processed number 613
processed number 614
processed number 615
processed number 616
processed number 617
processed number 618
processed number 619
processed number 620
processed number 621
processed number 622
processed number 623
processed number 624
processed number 625
processed number 626
processed number 627
processed number 628
processed number 629
processed number 630
processed number 631
processed number 632
processed number 633
processed number 634
processed number 635
processed number 636
processed number 637
processed number 638
processed number 639
processed number 640
processed number 641
processed number 642
processed number 643
processed number 644
processed number 645
processed number 646
processed number 647
processed number 648
processed number 649
processed number 650
processed number 651
processed number 652
processed number 653
processed number 654
processed number 655
processed number 656
processed number 657
processed number 658
processed number 659
processed number 660
processed number 661
processed number 662
processed number 663
processed number 664
processed number 665
processed number 666
processed number 667
processed number 668
processed number 669
processed number 670
processed number 671
processed number 672
processed number 673
processed number 674
processed number 675
processed number 676
processed number 677
processed number 678
processed number 679
processed number 680
processed number 681
processed number 682
processed number 683
processed number 684
processed number 685
processed number 686
processed number 687
processed number 688
processed number 689
processed number 690
processed number 691
processed number 692
processed number 693
processed number 694
processed number 695
processed number 696
processed number 697
processed number 698
processed number 699
processed number 700
processed number 701
processed number 702
processed number 703
processed number 704
processed number 705
processed number 706
processed number 707
processed number 708
processed number 709
processed number 710
processed number 711
processed number 712
processed number 713
processed number 714
processed number 715
processed number 716
processed number 717
processed number 718
processed number 719
processed number 720
processed number 721
processed number 722
processed number 723
processed number 724
processed number 725
processed number 726
processed number 727
processed number 728
processed number 729
processed number 730
processed number 731
processed number 732
processed number 733
processed number 734
processed number 735
processed number 736
processed number 737
processed number 738
processed number 739
processed number 740
processed number 741
processed number 742
processed number 743
processed number 744
processed number 745
processed number 746
processed number 747
processed number 748
processed number 749
processed number 750
processed number 751
processed number 752
processed number 753
processed number 754
processed number 755
processed number 756
processed number 757
processed number 758
processed number 759
processed number 760
processed number 761
processed number 762
processed number 763
processed number 764
processed number 765
processed number 766
processed number 767
processed number 768
processed number 769
processed number 770
processed number 771
processed number 772
processed number 773
processed number 774
processed number 775
processed number 776
/home/mapa3789/anaconda2/envs/py2tf1.3/lib/python2.7/site-packages/numpy/core/fromnumeric.py:2909: RuntimeWarning: Mean of empty slice.
  out=out, **kwargs)
/home/mapa3789/anaconda2/envs/py2tf1.3/lib/python2.7/site-packages/numpy/core/_methods.py:80: RuntimeWarning: invalid value encountered in true_divide
  ret = ret.dtype.type(ret / rcount)
processed number 778
processed number 779
processed number 780
processed number 781
processed number 782
processed number 783
processed number 784
processed number 785
processed number 786
processed number 787
processed number 788
processed number 789
processed number 790
processed number 791
processed number 792
processed number 793
processed number 794
processed number 795
processed number 796
processed number 797
processed number 798
processed number 799
processed number 800
processed number 801
processed number 802
processed number 803
processed number 804
processed number 805
processed number 806
processed number 807
processed number 808
processed number 809
processed number 810
processed number 811
processed number 812
processed number 813
processed number 814
processed number 815
processed number 816
processed number 817
processed number 818
processed number 819
processed number 820
processed number 821
processed number 822
processed number 823
processed number 824
processed number 825
processed number 826
processed number 827
processed number 828
processed number 829
processed number 830
processed number 831
processed number 832
processed number 833
processed number 834
processed number 835
processed number 836
processed number 837
processed number 838
processed number 839
processed number 840
processed number 841
processed number 842
processed number 843
processed number 844
processed number 845
processed number 846
processed number 847
processed number 848
processed number 849
processed number 850
processed number 851
processed number 852
processed number 853
processed number 854
processed number 855
processed number 856
processed number 857
processed number 858
processed number 859
processed number 860
processed number 861
processed number 862
processed number 863
processed number 864
processed number 865
processed number 866
processed number 867
processed number 868
processed number 869
processed number 870
processed number 871
processed number 872
processed number 873
processed number 874
processed number 875
processed number 876
processed number 877
processed number 878
processed number 879
processed number 880
processed number 881
processed number 882
processed number 883
processed number 884
processed number 885
processed number 886
processed number 887
processed number 888
processed number 889
processed number 890
processed number 891
processed number 892
processed number 893
processed number 894
processed number 895
processed number 896
processed number 897
processed number 898
processed number 899
processed number 900
processed number 901
processed number 902
processed number 903
processed number 904
processed number 905
processed number 906
processed number 907
processed number 908
processed number 909
processed number 910
processed number 911
processed number 912
processed number 913
processed number 914
processed number 915
processed number 916
processed number 917
processed number 918
processed number 919
processed number 920
processed number 921
processed number 922
processed number 923
processed number 924
processed number 925
processed number 926
processed number 927
processed number 928
processed number 929
processed number 930
processed number 931
processed number 932
processed number 933
processed number 934
processed number 935
processed number 936
processed number 937
processed number 938
processed number 939
processed number 940
processed number 941
processed number 942
processed number 943
processed number 944
processed number 945
processed number 946
processed number 947
processed number 949
processed number 950
processed number 951
processed number 952
processed number 953
processed number 954
processed number 955
processed number 956
processed number 957
processed number 958
processed number 959
processed number 960
processed number 961
processed number 962
processed number 963
processed number 964
processed number 965
processed number 966
processed number 967
processed number 968
processed number 969
processed number 970
processed number 971
processed number 972
processed number 973
processed number 974
processed number 975
processed number 976
processed number 977
processed number 978
processed number 979
processed number 980
processed number 981
processed number 982
processed number 983
processed number 984
processed number 985
processed number 986
processed number 987
processed number 988
processed number 989
processed number 990
processed number 991
processed number 992
processed number 993
processed number 994
processed number 995
processed number 996
processed number 997
processed number 998
processed number 999
processed number 1000
processed number 1001
processed number 1002
processed number 1003
processed number 1004
processed number 1005
processed number 1006
processed number 1007
processed number 1008
processed number 1009
processed number 1010
processed number 1011
processed number 1012
processed number 1013
processed number 1014
processed number 1015
processed number 1016
processed number 1017
processed number 1018
processed number 1019
processed number 1020
processed number 1021
processed number 1022
processed number 1023
processed number 1024
processed number 1025
processed number 1026
processed number 1027
processed number 1028
processed number 1029
processed number 1030
processed number 1031
processed number 1032
processed number 1033
processed number 1034
processed number 1035
processed number 1036
processed number 1037
processed number 1038
processed number 1039
processed number 1040
processed number 1041
processed number 1042
processed number 1043
processed number 1044
processed number 1045
processed number 1046
processed number 1047
processed number 1048
processed number 1049
processed number 1050
processed number 1051
processed number 1052
processed number 1053
processed number 1054
processed number 1055
processed number 1056
processed number 1057
processed number 1058
processed number 1059
processed number 1060
processed number 1061
processed number 1062
processed number 1063
processed number 1064
processed number 1065
processed number 1066
processed number 1067
processed number 1068
processed number 1069
processed number 1070
processed number 1071
processed number 1072
processed number 1073
processed number 1074
processed number 1075
processed number 1076
processed number 1077
processed number 1078
processed number 1079
processed number 1080
processed number 1081
processed number 1082
processed number 1083
processed number 1084
processed number 1085
processed number 1086
processed number 1087
processed number 1088
processed number 1089
processed number 1090
processed number 1091
processed number 1092
processed number 1093
processed number 1094
processed number 1095
processed number 1096
processed number 1097
processed number 1098
processed number 1099
processed number 1100
processed number 1101
processed number 1102
processed number 1103
processed number 1104
processed number 1105
processed number 1106
processed number 1107
processed number 1108
processed number 1109
processed number 1110
processed number 1111
processed number 1112
processed number 1113
processed number 1114
processed number 1115
processed number 1116
processed number 1117
processed number 1118
processed number 1119
processed number 1120
processed number 1121
processed number 1122
processed number 1123
processed number 1124
processed number 1125
processed number 1126
processed number 1127
processed number 1128
processed number 1129
processed number 1130
processed number 1131
processed number 1132
processed number 1133
processed number 1134
processed number 1135
processed number 1136
processed number 1137
processed number 1138
processed number 1139
processed number 1140
processed number 1141
processed number 1142
processed number 1143
processed number 1144
processed number 1145
processed number 1146
processed number 1147
processed number 1148
processed number 1149
processed number 1150
processed number 1151
processed number 1152
processed number 1153
processed number 1154
processed number 1155
processed number 1156
processed number 1157
processed number 1158
processed number 1159
processed number 1160
processed number 1161
processed number 1162
processed number 1163
processed number 1164
processed number 1165
processed number 1166
processed number 1167
processed number 1168
processed number 1169
processed number 1170
processed number 1171
processed number 1172
processed number 1173
processed number 1174
processed number 1175
processed number 1176
processed number 1177
processed number 1178
processed number 1179
processed number 1180
processed number 1181
processed number 1182
processed number 1183
processed number 1184
processed number 1185
processed number 1186
processed number 1187
processed number 1188
processed number 1189
processed number 1190
processed number 1191
processed number 1192
processed number 1193
processed number 1194
processed number 1195
processed number 1196
processed number 1197
processed number 1198
processed number 1199
processed number 1200
processed number 1201
processed number 1202
processed number 1203
processed number 1204
processed number 1205
processed number 1206
processed number 1207
processed number 1208
processed number 1209
processed number 1210
processed number 1211
processed number 1212
processed number 1213
processed number 1214
processed number 1215
processed number 1216
processed number 1217
processed number 1218
processed number 1219
processed number 1220
processed number 1221
processed number 1222
processed number 1223
processed number 1224
processed number 1225
processed number 1226
processed number 1227
processed number 1228
processed number 1229
processed number 1230
processed number 1231
processed number 1232
processed number 1233
processed number 1234
processed number 1235
processed number 1236
processed number 1237
processed number 1238
processed number 1239
processed number 1240
processed number 1241
processed number 1242
processed number 1243
processed number 1244
processed number 1245
processed number 1246
processed number 1247
processed number 1248
processed number 1249
processed number 1250
processed number 1251
processed number 1252
processed number 1253
processed number 1254
processed number 1255
processed number 1256
processed number 1257
processed number 1258
processed number 1259
processed number 1260
processed number 1261
processed number 1262
processed number 1263
processed number 1264
processed number 1265
processed number 1266
processed number 1267
processed number 1268
processed number 1269
processed number 1270
processed number 1271
processed number 1272
processed number 1273
processed number 1274
processed number 1275
processed number 1276
processed number 1277
processed number 1278
processed number 1279
processed number 1280
processed number 1281
processed number 1282
processed number 1283
processed number 1284
processed number 1285
processed number 1286
processed number 1287
processed number 1288
processed number 1289
processed number 1290
processed number 1291
processed number 1292
processed number 1293
processed number 1294
processed number 1295
processed number 1296
processed number 1297
processed number 1298
processed number 1299
processed number 1300
processed number 1301
processed number 1302
processed number 1303
processed number 1304
processed number 1305
processed number 1306
processed number 1307
processed number 1308
processed number 1309
processed number 1310
processed number 1311
processed number 1312
processed number 1313
processed number 1314
processed number 1315
processed number 1316
processed number 1317
processed number 1318
processed number 1319
processed number 1320
processed number 1321
processed number 1322
processed number 1323
processed number 1324
processed number 1325
processed number 1326
processed number 1327
processed number 1328
processed number 1329
processed number 1330
processed number 1331
processed number 1332
processed number 1333
processed number 1334
processed number 1335
processed number 1336
processed number 1337
processed number 1338
processed number 1339
processed number 1340
processed number 1341
processed number 1342
processed number 1343
processed number 1344
processed number 1345
processed number 1346
processed number 1347
processed number 1348
processed number 1349
processed number 1350
processed number 1351
processed number 1352
processed number 1353
processed number 1354
processed number 1355
processed number 1356
processed number 1357
processed number 1358
processed number 1359
processed number 1360
processed number 1361
processed number 1362
processed number 1363
processed number 1364
processed number 1365
processed number 1366
processed number 1367
processed number 1368
processed number 1369
processed number 1370
processed number 1371
processed number 1372
processed number 1373
processed number 1374
processed number 1375
processed number 1376
processed number 1377
processed number 1378
processed number 1379
processed number 1380
processed number 1381
processed number 1382
processed number 1383
processed number 1384
processed number 1385
processed number 1386
processed number 1387
processed number 1388
processed number 1389
processed number 1390
processed number 1391
processed number 1392
processed number 1393
processed number 1394
processed number 1395
processed number 1396
processed number 1397
processed number 1398
processed number 1399
processed number 1400
processed number 1401
processed number 1402
processed number 1403
processed number 1404
processed number 1405
processed number 1406
processed number 1407
processed number 1408
processed number 1409
processed number 1410
processed number 1411
processed number 1412
processed number 1413
processed number 1414
processed number 1415
processed number 1416
processed number 1417
processed number 1418
processed number 1419
processed number 1420
processed number 1421
processed number 1422
processed number 1423
processed number 1424
processed number 1425
processed number 1426
processed number 1427
processed number 1428
processed number 1429
processed number 1430
processed number 1431
processed number 1432
processed number 1433
processed number 1434
processed number 1435
processed number 1436
processed number 1437
processed number 1438
processed number 1439
processed number 1440
processed number 1441
processed number 1442
processed number 1443
processed number 1444
processed number 1445
processed number 1446
processed number 1447
processed number 1448
processed number 1449
processed number 1450
processed number 1451
processed number 1452
processed number 1453
processed number 1454
processed number 1455
processed number 1456
processed number 1457
processed number 1458
processed number 1459
processed number 1460
processed number 1461
processed number 1462
processed number 1463
processed number 1464
processed number 1465
processed number 1466
processed number 1467
processed number 1468
processed number 1469
processed number 1470
processed number 1471
processed number 1472
processed number 1473
processed number 1474
processed number 1475
processed number 1476
processed number 1477
processed number 1478
processed number 1479
processed number 1480
processed number 1481
processed number 1482
processed number 1483
processed number 1484
processed number 1485
processed number 1486
processed number 1487
processed number 1488
processed number 1489
processed number 1490
processed number 1491
processed number 1492
processed number 1493
processed number 1494
processed number 1495
processed number 1496
processed number 1497
processed number 1498
processed number 1499
processed number 1500
processed number 1501
processed number 1502
processed number 1503
processed number 1504
processed number 1505
processed number 1506
processed number 1507
processed number 1508
processed number 1509
processed number 1510
processed number 1511
processed number 1512
processed number 1513
processed number 1514
processed number 1515
processed number 1516
processed number 1517
processed number 1518
processed number 1519
processed number 1520
processed number 1521
processed number 1522
processed number 1523
processed number 1524
processed number 1525
processed number 1526
processed number 1527
processed number 1528
processed number 1529
processed number 1530
processed number 1531
processed number 1532
processed number 1533
processed number 1534
processed number 1535
processed number 1536
processed number 1537
processed number 1538
processed number 1539
processed number 1540
processed number 1541
processed number 1542
processed number 1543
processed number 1544
processed number 1545
processed number 1546
processed number 1547
processed number 1548
processed number 1549
processed number 1550
processed number 1551
processed number 1552
processed number 1553
processed number 1554
processed number 1555
processed number 1556
processed number 1557
processed number 1558
processed number 1559
processed number 1560
processed number 1561
processed number 1562
processed number 1563
processed number 1564
processed number 1565
processed number 1566
processed number 1567
processed number 1568
processed number 1569
processed number 1570
processed number 1571
processed number 1572
processed number 1573
processed number 1574
processed number 1575
processed number 1576
processed number 1577
processed number 1578
processed number 1579
processed number 1580
processed number 1581
processed number 1582
processed number 1583
processed number 1584
processed number 1585
processed number 1586
processed number 1587
processed number 1588
processed number 1589
processed number 1590
processed number 1591
processed number 1592
processed number 1593
processed number 1594
processed number 1595
processed number 1596
processed number 1597
processed number 1598
processed number 1599
processed number 1600
processed number 1601
processed number 1602
processed number 1603
processed number 1604
processed number 1605
processed number 1606
processed number 1607
processed number 1608
processed number 1609
processed number 1610
processed number 1611
processed number 1612
processed number 1613
processed number 1614
processed number 1615
processed number 1616
processed number 1617
processed number 1618
processed number 1619
processed number 1620
processed number 1621
processed number 1622
processed number 1623
processed number 1624
processed number 1625
processed number 1626
processed number 1627
processed number 1628
processed number 1629
processed number 1630
processed number 1631
processed number 1632
processed number 1633
processed number 1634
processed number 1635
processed number 1636
processed number 1637
processed number 1638
processed number 1639
processed number 1640
processed number 1641
processed number 1642
processed number 1643
processed number 1644
processed number 1645
processed number 1646
processed number 1647
processed number 1648
processed number 1649
processed number 1650
processed number 1651
processed number 1652
processed number 1653
processed number 1654
processed number 1655
processed number 1656
processed number 1657
processed number 1658
processed number 1659
processed number 1660
processed number 1661
processed number 1662
processed number 1663
processed number 1664
processed number 1665
processed number 1666
processed number 1667
processed number 1668
processed number 1669
processed number 1670
processed number 1671
processed number 1672
processed number 1673
processed number 1674
processed number 1675
processed number 1676
processed number 1677
processed number 1678
processed number 1679
processed number 1680
processed number 1681
processed number 1682
processed number 1683
processed number 1684
processed number 1685
processed number 1686
processed number 1687
processed number 1688
processed number 1689
processed number 1690
processed number 1691
processed number 1692
processed number 1693
processed number 1694
processed number 1695
processed number 1696
processed number 1697
processed number 1698
processed number 1699
processed number 1700
processed number 1701
processed number 1702
processed number 1703
processed number 1704
processed number 1705
processed number 1706
processed number 1707
processed number 1708
processed number 1709
processed number 1710
processed number 1711
processed number 1712
processed number 1713
processed number 1714
processed number 1715
processed number 1716
processed number 1717
processed number 1718
processed number 1719
processed number 1720
processed number 1721
processed number 1722
processed number 1723
processed number 1724
processed number 1725
processed number 1726
processed number 1727
processed number 1728
processed number 1729
processed number 1730
processed number 1731
processed number 1732
processed number 1733
processed number 1734
processed number 1735
processed number 1736
processed number 1737
processed number 1738
processed number 1739
processed number 1740
processed number 1741
processed number 1742
processed number 1743
processed number 1744
processed number 1745
processed number 1746
processed number 1747
processed number 1748
processed number 1749
processed number 1750
processed number 1751
processed number 1752
processed number 1753
processed number 1754
processed number 1755
processed number 1756
processed number 1757
processed number 1758
processed number 1759
processed number 1760
processed number 1761
processed number 1762
processed number 1763
processed number 1764
processed number 1765
processed number 1766
processed number 1767
processed number 1768
processed number 1769
processed number 1770
processed number 1771
processed number 1772
processed number 1773
processed number 1774
processed number 1775
processed number 1776
processed number 1777
processed number 1778
processed number 1779
processed number 1780
processed number 1781
processed number 1782
processed number 1783
processed number 1784
processed number 1785
processed number 1786
processed number 1787
processed number 1788
processed number 1789
processed number 1790
processed number 1791
processed number 1792
processed number 1793
processed number 1794
processed number 1795
processed number 1796
processed number 1797
processed number 1798
processed number 1799
processed number 1800
processed number 1801
processed number 1802
processed number 1803
processed number 1804
processed number 1805
processed number 1806
processed number 1807
processed number 1808
processed number 1809
processed number 1810
processed number 1811
processed number 1812
processed number 1813
processed number 1814
processed number 1815
processed number 1816
processed number 1817
processed number 1818
processed number 1819
processed number 1820
processed number 1821
processed number 1822
processed number 1823
processed number 1824
processed number 1825
processed number 1826
processed number 1827
processed number 1828
processed number 1829
processed number 1830
processed number 1831
processed number 1832
processed number 1833
processed number 1834
processed number 1835
processed number 1836
processed number 1837
processed number 1838
processed number 1839
processed number 1840
processed number 1841
processed number 1842
processed number 1843
processed number 1844
processed number 1845
processed number 1846
processed number 1847
processed number 1848
processed number 1849
processed number 1850
processed number 1851
processed number 1852
processed number 1853
processed number 1854
processed number 1855
processed number 1856
processed number 1857
processed number 1858
processed number 1859
processed number 1860
processed number 1861
processed number 1862
processed number 1863
processed number 1864
processed number 1865
processed number 1866
processed number 1867
processed number 1868
processed number 1869
processed number 1870
processed number 1871
processed number 1872
processed number 1873
processed number 1874
processed number 1875
processed number 1876
processed number 1877
processed number 1878
processed number 1879
processed number 1880
processed number 1881
processed number 1882
processed number 1883
processed number 1884
processed number 1885
processed number 1886
processed number 1887
processed number 1889
processed number 1890
processed number 1891
processed number 1892
processed number 1893
processed number 1894
processed number 1895
processed number 1896
processed number 1897
processed number 1898
processed number 1899
processed number 1900
processed number 1901
processed number 1902
processed number 1903
processed number 1904
processed number 1905
processed number 1906
processed number 1907
processed number 1908
processed number 1909
processed number 1910
processed number 1911
processed number 1912
processed number 1913
processed number 1914
processed number 1915
processed number 1916
processed number 1917
processed number 1918
processed number 1919
processed number 1920
processed number 1921
processed number 1922
processed number 1923
processed number 1924
processed number 1925
processed number 1926
processed number 1927
processed number 1928
processed number 1929
processed number 1930
processed number 1931
processed number 1932
processed number 1933
processed number 1934
processed number 1935
processed number 1936
processed number 1937
processed number 1938
processed number 1939
processed number 1940
processed number 1941
processed number 1942
processed number 1943
processed number 1944
processed number 1945
processed number 1946
processed number 1947
processed number 1948
processed number 1949
processed number 1950
processed number 1951
processed number 1952
processed number 1953
processed number 1954
processed number 1955
processed number 1956
processed number 1957
processed number 1958
processed number 1959
processed number 1960
processed number 1961
processed number 1962
processed number 1963
processed number 1964
processed number 1965
processed number 1966
processed number 1967
processed number 1968
processed number 1969
processed number 1970
processed number 1971
processed number 1972
processed number 1973
processed number 1974
processed number 1975
processed number 1976
processed number 1977
processed number 1978
processed number 1979
processed number 1980
processed number 1981
processed number 1982
processed number 1983
processed number 1984
processed number 1985
processed number 1986
processed number 1987
processed number 1988
processed number 1989
processed number 1990
processed number 1991
processed number 1992
processed number 1993
processed number 1994
processed number 1995
processed number 1996
processed number 1997
processed number 1998
processed number 1999
processed number 2000
processed number 2001
processed number 2002
processed number 2003
processed number 2004
processed number 2005
processed number 2006
processed number 2007
processed number 2008
processed number 2009
processed number 2010
processed number 2011
processed number 2012
processed number 2013
processed number 2014
processed number 2015
processed number 2016
processed number 2017
processed number 2018
processed number 2019
processed number 2020
processed number 2021
processed number 2022
processed number 2023
processed number 2024
processed number 2025
processed number 2026
processed number 2027
processed number 2028
processed number 2029
processed number 2030
processed number 2031
processed number 2032
processed number 2033
processed number 2034
processed number 2035
processed number 2036
processed number 2037
processed number 2038
processed number 2039
processed number 2040
processed number 2041
processed number 2042
processed number 2043
processed number 2044
processed number 2045
processed number 2046
processed number 2047
processed number 2048
processed number 2049
processed number 2050
processed number 2051
processed number 2052
processed number 2053
processed number 2054
processed number 2055
processed number 2056
processed number 2057
processed number 2058
processed number 2059
processed number 2060
processed number 2061
processed number 2062
processed number 2063
processed number 2064
processed number 2065
processed number 2066
processed number 2067
processed number 2068
processed number 2069
processed number 2070
processed number 2071
processed number 2072
processed number 2073
processed number 2074
processed number 2075
processed number 2076
processed number 2077
processed number 2078
processed number 2079
processed number 2080
processed number 2081
processed number 2082
processed number 2083
processed number 2084
processed number 2085
processed number 2086
processed number 2087
processed number 2088
processed number 2089
processed number 2090
processed number 2091
processed number 2092
processed number 2093
processed number 2094
processed number 2095
processed number 2096
processed number 2097
processed number 2098
processed number 2099
processed number 2100
processed number 2101
processed number 2102
processed number 2103
processed number 2104
processed number 2105
processed number 2106
processed number 2107
processed number 2108
processed number 2109
processed number 2110
processed number 2111
processed number 2112
processed number 2113
processed number 2114
processed number 2115
processed number 2116
processed number 2117
processed number 2118
processed number 2119
processed number 2120
processed number 2121
processed number 2122
processed number 2123
processed number 2124
processed number 2125
processed number 2126
processed number 2127
processed number 2128
processed number 2129
processed number 2130
processed number 2131
processed number 2132
processed number 2133
processed number 2134
processed number 2135
processed number 2136
processed number 2137
processed number 2138
processed number 2139
processed number 2140
processed number 2141
processed number 2142
processed number 2143
processed number 2144
processed number 2145
processed number 2146
processed number 2147
processed number 2148
processed number 2149
processed number 2150
processed number 2151
processed number 2152
processed number 2153
processed number 2154
processed number 2155
processed number 2156
processed number 2157
processed number 2158
processed number 2159
processed number 2160
processed number 2161
processed number 2162
processed number 2163
processed number 2164
processed number 2165
processed number 2166
processed number 2167
processed number 2168
processed number 2169
processed number 2170
processed number 2171
processed number 2172
processed number 2173
processed number 2174
processed number 2175
processed number 2176
processed number 2177
processed number 2178
processed number 2179
processed number 2180
processed number 2181
processed number 2182
processed number 2183
processed number 2184
processed number 2185
processed number 2186
processed number 2187
processed number 2188
processed number 2189
processed number 2190
processed number 2191
processed number 2192
processed number 2193
processed number 2194
processed number 2195
processed number 2196
processed number 2197
processed number 2198
processed number 2199
processed number 2200
processed number 2201
processed number 2202
processed number 2203
processed number 2204
processed number 2205
processed number 2206
processed number 2207
processed number 2208
processed number 2209
processed number 2210
processed number 2211
processed number 2212
processed number 2213
processed number 2214
processed number 2215
processed number 2216
processed number 2217
processed number 2218
processed number 2219
processed number 2220
processed number 2221
processed number 2222
processed number 2223
processed number 2224
processed number 2225
processed number 2226
processed number 2227
processed number 2228
processed number 2229
processed number 2230
processed number 2231
processed number 2232
processed number 2233
processed number 2234
processed number 2235
processed number 2236
processed number 2237
processed number 2238
processed number 2239
processed number 2240
processed number 2241
processed number 2242
processed number 2243
processed number 2244
processed number 2245
processed number 2246
processed number 2247
processed number 2248
processed number 2249
processed number 2250
processed number 2251
processed number 2252
processed number 2253
processed number 2254
processed number 2255
processed number 2256
processed number 2257
processed number 2258
processed number 2259
processed number 2260
processed number 2261
processed number 2262
processed number 2263
processed number 2264
processed number 2265
processed number 2266
processed number 2267
processed number 2268
processed number 2269
processed number 2270
processed number 2271
processed number 2272
processed number 2273
processed number 2274
processed number 2275
processed number 2276
processed number 2277
processed number 2278
processed number 2279
processed number 2280
processed number 2281
processed number 2282
processed number 2283
processed number 2284
processed number 2285
processed number 2286
processed number 2287
processed number 2288
processed number 2289
processed number 2290
processed number 2291
processed number 2292
processed number 2293
processed number 2294
processed number 2295
processed number 2296
processed number 2297
processed number 2298
processed number 2299
processed number 2300
processed number 2301
processed number 2302
processed number 2303
processed number 2304
processed number 2305
processed number 2306
processed number 2307
processed number 2308
processed number 2309
processed number 2310
processed number 2311
processed number 2312
processed number 2313
processed number 2314
processed number 2315
processed number 2316
processed number 2317
processed number 2318
processed number 2319
processed number 2320
processed number 2321
processed number 2322
processed number 2323
processed number 2324
processed number 2325
processed number 2326
processed number 2327
processed number 2328
processed number 2329
processed number 2330
processed number 2331
processed number 2332
processed number 2333
processed number 2334
processed number 2335
processed number 2336
processed number 2337
processed number 2338
processed number 2339
processed number 2340
processed number 2341
processed number 2342
processed number 2343
processed number 2344
processed number 2345
processed number 2346
processed number 2347
processed number 2348
processed number 2349
processed number 2350
processed number 2351
processed number 2352
processed number 2353
processed number 2354
processed number 2355
processed number 2356
processed number 2357
processed number 2358
processed number 2359
processed number 2360
processed number 2361
processed number 2362
processed number 2363
processed number 2364
processed number 2365
processed number 2366
processed number 2367
processed number 2368
processed number 2369
processed number 2370
processed number 2371
processed number 2372
processed number 2373
processed number 2374
processed number 2375
processed number 2376
processed number 2377
processed number 2378
processed number 2379
processed number 2380
processed number 2381
processed number 2382
processed number 2383
processed number 2384
processed number 2385
processed number 2386
processed number 2387
processed number 2388
processed number 2389
processed number 2390
processed number 2391
processed number 2392
processed number 2393
processed number 2394
processed number 2395
processed number 2396
processed number 2397
processed number 2398
processed number 2399
processed number 2400
processed number 2401
processed number 2402
processed number 2403
processed number 2404
processed number 2405
processed number 2406
processed number 2407
processed number 2408
processed number 2409
processed number 2410
processed number 2411
processed number 2412
processed number 2413
processed number 2414
processed number 2415
processed number 2416
processed number 2417
processed number 2418
processed number 2419
processed number 2420
processed number 2421
processed number 2422
processed number 2423
processed number 2424
processed number 2425
processed number 2426
processed number 2427
processed number 2428
processed number 2429
processed number 2430
processed number 2431
processed number 2432
processed number 2433
processed number 2434
processed number 2435
processed number 2436
processed number 2437
processed number 2438
processed number 2439
processed number 2440
processed number 2441
processed number 2442
processed number 2443
processed number 2444
processed number 2445
processed number 2446
processed number 2447
processed number 2448
processed number 2449
processed number 2450
processed number 2451
processed number 2452
processed number 2453
processed number 2454
processed number 2455
processed number 2456
processed number 2457
processed number 2458
processed number 2459
processed number 2460
processed number 2461
processed number 2462
processed number 2463
processed number 2464
processed number 2465
processed number 2466
processed number 2467
processed number 2468
processed number 2469
processed number 2470
processed number 2471
processed number 2472
processed number 2473
processed number 2474
processed number 2475
processed number 2476
processed number 2477
processed number 2478
processed number 2479
processed number 2480
processed number 2481
processed number 2482
processed number 2483
processed number 2484
processed number 2485
processed number 2486
processed number 2487
processed number 2488
processed number 2489
processed number 2490
processed number 2491
processed number 2492
processed number 2493
processed number 2494
processed number 2495
processed number 2496
processed number 2497
processed number 2498
processed number 2499
processed number 2500
processed number 2501
processed number 2502
processed number 2503
processed number 2504
processed number 2505
processed number 2506
processed number 2507
processed number 2508
processed number 2509
processed number 2510
processed number 2511
processed number 2512
processed number 2513
processed number 2514
processed number 2515
processed number 2516
processed number 2517
processed number 2518
processed number 2519
processed number 2520
processed number 2521
processed number 2522
processed number 2523
processed number 2524
processed number 2525
processed number 2526
processed number 2527
processed number 2528
processed number 2529
processed number 2530
processed number 2531
processed number 2532
processed number 2533
processed number 2534
processed number 2535
processed number 2536
processed number 2537
processed number 2538
processed number 2539
processed number 2540
processed number 2541
processed number 2542
processed number 2543
processed number 2544
processed number 2545
processed number 2546
processed number 2547
processed number 2548
processed number 2549
processed number 2550
processed number 2551
processed number 2552
processed number 2553
processed number 2554
processed number 2555
processed number 2556
processed number 2557
processed number 2558
processed number 2559
processed number 2560
processed number 2561
processed number 2562
processed number 2563
processed number 2564
processed number 2565
processed number 2566
processed number 2567
processed number 2568
processed number 2569
processed number 2570
processed number 2571
processed number 2572
processed number 2573
processed number 2574
processed number 2575
processed number 2576
processed number 2577
processed number 2578
processed number 2579
processed number 2580
processed number 2581
processed number 2582
processed number 2583
processed number 2584
processed number 2585
processed number 2586
processed number 2587
processed number 2588
processed number 2589
processed number 2590
processed number 2591
processed number 2592
processed number 2593
processed number 2594
processed number 2595
processed number 2596
processed number 2597
processed number 2598
processed number 2599
processed number 2600
processed number 2601
processed number 2602
processed number 2603
processed number 2604
processed number 2605
processed number 2606
processed number 2607
processed number 2608
processed number 2609
processed number 2610
processed number 2611
processed number 2612
processed number 2613
processed number 2614
processed number 2615
processed number 2616
processed number 2617
processed number 2618
processed number 2619
processed number 2620
processed number 2621
processed number 2622
processed number 2623
processed number 2624
processed number 2625
processed number 2626
processed number 2627
processed number 2628
processed number 2629
processed number 2630
processed number 2631
processed number 2632
processed number 2633
processed number 2634
processed number 2635
processed number 2636
processed number 2637
processed number 2638
processed number 2639
processed number 2640
processed number 2641
processed number 2642
processed number 2643
processed number 2644
processed number 2645
processed number 2646
processed number 2647
processed number 2648
processed number 2649
processed number 2650
processed number 2651
processed number 2652
processed number 2653
processed number 2654
processed number 2655
processed number 2656
processed number 2657
processed number 2658
processed number 2659
processed number 2660
processed number 2661
processed number 2662
processed number 2663
processed number 2664
processed number 2665
processed number 2666
processed number 2667
processed number 2668
processed number 2669
processed number 2670
processed number 2671
processed number 2672
processed number 2673
processed number 2674
processed number 2675
processed number 2676
processed number 2677
processed number 2678
processed number 2679
processed number 2680
processed number 2681
processed number 2682
processed number 2683
processed number 2684
processed number 2685
processed number 2686
processed number 2687
processed number 2688
processed number 2689
processed number 2690
processed number 2691
processed number 2692
processed number 2693
processed number 2694
processed number 2695
processed number 2696
processed number 2697
processed number 2698
processed number 2699
processed number 2700
processed number 2701
processed number 2702
processed number 2703
processed number 2704
processed number 2705
processed number 2706
processed number 2707
processed number 2708
processed number 2709
processed number 2710
processed number 2711
processed number 2712
processed number 2713
processed number 2714
processed number 2715
processed number 2716
processed number 2717
processed number 2718
processed number 2719
processed number 2720
processed number 2721
processed number 2722
processed number 2723
processed number 2724
processed number 2725
processed number 2726
processed number 2727
processed number 2728
processed number 2729
processed number 2730
processed number 2731
processed number 2732
processed number 2733
processed number 2734
processed number 2735
processed number 2736
processed number 2737
processed number 2738
processed number 2739
processed number 2740
processed number 2741
processed number 2742
processed number 2743
processed number 2744
processed number 2745
processed number 2746
processed number 2747
processed number 2748
processed number 2749
processed number 2750
processed number 2751
processed number 2752
processed number 2753
processed number 2754
processed number 2755
processed number 2756
processed number 2757
processed number 2758
processed number 2759
processed number 2760
processed number 2761
processed number 2762
processed number 2764
processed number 2765
processed number 2766
processed number 2767
processed number 2768
processed number 2769
processed number 2770
processed number 2771
processed number 2772
processed number 2773
processed number 2774
processed number 2775
processed number 2776
processed number 2777
processed number 2778
processed number 2779
processed number 2780
processed number 2781
processed number 2782
processed number 2783
processed number 2784
processed number 2785
processed number 2786
processed number 2787
processed number 2788
processed number 2789
processed number 2790
processed number 2791
processed number 2792
processed number 2793
processed number 2794
processed number 2795
processed number 2796
processed number 2797
processed number 2798
processed number 2799
processed number 2800
processed number 2801
processed number 2802
processed number 2803
processed number 2804
processed number 2805
processed number 2806
processed number 2807
processed number 2808
processed number 2809
processed number 2810
processed number 2811
processed number 2812
processed number 2813
processed number 2814
processed number 2815
processed number 2816
processed number 2817
processed number 2818
processed number 2819
processed number 2820
processed number 2821
processed number 2822
processed number 2823
processed number 2824
processed number 2825
processed number 2826
processed number 2827
processed number 2828
processed number 2829
processed number 2830
processed number 2831
processed number 2832
processed number 2833
processed number 2834
processed number 2835
processed number 2836
processed number 2837
processed number 2838
processed number 2839
processed number 2840
processed number 2841
processed number 2842
processed number 2843
processed number 2844
processed number 2845
processed number 2846
processed number 2847
processed number 2848
processed number 2849
processed number 2850
processed number 2851
processed number 2852
processed number 2853
processed number 2854
processed number 2855
processed number 2856
processed number 2857
processed number 2858
processed number 2859
processed number 2860
processed number 2861
processed number 2862
processed number 2863
processed number 2864
processed number 2865
processed number 2866
processed number 2867
processed number 2868
processed number 2869
processed number 2870
processed number 2871
processed number 2872
processed number 2873
processed number 2874
processed number 2875
processed number 2876
processed number 2877
processed number 2878
processed number 2879
processed number 2880
processed number 2881
processed number 2882
processed number 2883
processed number 2884
processed number 2885
processed number 2886
processed number 2887
processed number 2888
processed number 2889
processed number 2890
processed number 2891
processed number 2892
processed number 2893
processed number 2894
processed number 2895
processed number 2896
processed number 2897
processed number 2898
processed number 2899
processed number 2900
processed number 2901
processed number 2902
processed number 2903
processed number 2904
processed number 2905
processed number 2906
processed number 2907
processed number 2908
processed number 2909
processed number 2910
processed number 2911
processed number 2912
processed number 2913
processed number 2914
processed number 2915
processed number 2916
processed number 2917
processed number 2918
processed number 2919
processed number 2920
processed number 2921
processed number 2922
processed number 2923
processed number 2924
processed number 2925
processed number 2926
processed number 2927
processed number 2928
processed number 2929
processed number 2930
processed number 2931
processed number 2932
processed number 2933
processed number 2934
processed number 2935
processed number 2936
processed number 2937
processed number 2938
processed number 2939
processed number 2941
processed number 2942
processed number 2943
processed number 2944
processed number 2945
processed number 2946
processed number 2947
processed number 2948
processed number 2949
processed number 2950
processed number 2951
processed number 2952
processed number 2953
processed number 2954
processed number 2955
processed number 2956
processed number 2957
processed number 2958
processed number 2959
processed number 2960
processed number 2961
processed number 2962
processed number 2963
processed number 2964
processed number 2965
processed number 2966
processed number 2967
processed number 2968
processed number 2969
processed number 2970
processed number 2971
processed number 2972
processed number 2973
processed number 2974
processed number 2975
processed number 2976
processed number 2977
processed number 2978
processed number 2979
processed number 2980
processed number 2981
processed number 2982
processed number 2983
processed number 2984
processed number 2985
processed number 2986
processed number 2987
processed number 2988
processed number 2989
puncher 30 [ 19.29025632  27.95740285] 5.7001971058 14.4314429273
calculator 40 [ 18.56689743  27.28897812] 4.80869496412 15.6210014915
cd 45 [ 13.72949262  20.15346466] 1501.65285217 35.3323586754
nail 35 [ 16.3499897   23.01159989] 6.29993278486 15.3469843881
scissors 20 [ 14.64817247  21.69539915] 4.85617218995 12.956262048
hammer 140 [ 16.3892318   23.49180835] 6.4985706724 15.6941554205
flashlight 65 [ 21.17411991  30.51040969] 4.63544085837 14.5652030101
rubber 15 [ 15.118355   22.8940563] 5.80005986074 14.8402267967
hand_blower 20 [ 14.71165702  21.49646864] 7.21307472198 14.9516209489
mallet 25 [ 18.70092974  27.04325975] 3.94882988492 14.1736001164
hand_glass 20 [ 17.13671979  23.26850269] 6346.3038939 35.0533413216
mug 210 [ 10.24921146  16.40345114] 17.6782716844 20.3118137662
tape 15 [ 20.69546581  29.90653699] 4.49071391186 13.374565787
nut 20 [ 12.71710897  19.9562201 ] 5.10705586966 17.0616263342
knife 370 [ 17.19948169  23.71663904] 6.15589953061 13.8914182356
pencil 495 [ 16.935299    23.87295629] 5.37905926239 13.7921814603
gear 30 [ 14.61399782  22.42716559] 6.10136231204 15.7827660063
ruler 60 [ 12.97672551  18.87074235] 574.443147051 21.3399977687
screwdriver 30 [ 22.9781561   31.33300332] 3.35725991254 11.4852751427
spoon 35 [ 12.40341997  18.88482098] 5.47202757536 14.1401123181
bolt 115 [ 15.49231655  22.65572838] 152.408963247 28.2575886312
key 40 [ 18.61750932  26.23205247] 4.94666827311 14.3797549403
bulb 45 [ 12.61405074  19.45677922] 6.63406256853 16.3762574562
plunger 95 [ 16.98532924  24.42840693] 5.22375494113 15.0827395196
bevel 30 [ 21.933962    30.06431417] 4.82177463743 14.1897280633
chisel 20 [ 18.04674454  25.74061616] 4.72370428379 13.4930325555
cutlery 15 [ 12.19508749  17.98548521] 8.52948028491 15.1458768616
tongs 25 [ 11.58254999  16.82812216] 9.82995267099 16.2866147396
wrench 65 [ 15.55797865  22.04568252] 1745.09317481 32.7454686182
drill 20 [ 21.52314245  30.00482017] 4.75808380923 14.1294816824
corkscrew 15 [ 17.49638444  24.91649461] 4.3025477683 12.9017686275
bottle 635 [ 16.18719408  24.21919324] 563.554005869 20.2583503982
remote_control 145 [ 20.70402709  29.28996966] 6460.18553939 139.587806818
Testing Finished!
