hdf5 is not supported on this machine (please install/reinstall h5py for optimal experience)
x0 Tensor("gcn/Conv2D_2/Relu:0", shape=(1, 112, 112, 32), dtype=float32)
x0 ['OVERLOADABLE_OPERATORS', 'W', '__abs__', '__add__', '__and__', '__array_priority__', '__bool__', '__class__', '__delattr__', '__dict__', '__div__', '__doc__', '__eq__', '__floordiv__', '__format__', '__ge__', '__getattribute__', '__getitem__', '__gt__', '__hash__', '__init__', '__invert__', '__iter__', '__le__', '__lt__', '__matmul__', '__mod__', '__module__', '__mul__', '__neg__', '__new__', '__nonzero__', '__or__', '__pow__', '__radd__', '__rand__', '__rdiv__', '__reduce__', '__reduce_ex__', '__repr__', '__rfloordiv__', '__rmatmul__', '__rmod__', '__rmul__', '__ror__', '__rpow__', '__rsub__', '__rtruediv__', '__rxor__', '__setattr__', '__sizeof__', '__str__', '__sub__', '__subclasshook__', '__truediv__', '__weakref__', '__xor__', '_add_consumer', '_as_node_def_input', '_as_tf_output', '_consumers', '_dtype', '_handle_data', '_op', '_override_operator', '_shape', '_shape_as_list', '_value_index', 'b', 'consumers', 'device', 'dtype', 'eval', 'get_shape', 'graph', 'name', 'op', 'scope', 'set_shape', 'shape', 'value_index']
/home/mapa3789/anaconda2/envs/py2tf1.3/lib/python2.7/site-packages/tensorflow/python/ops/gradients_impl.py:95: UserWarning: Converting sparse IndexedSlices to a dense Tensor of unknown shape. This may consume a large amount of memory.
  "Converting sparse IndexedSlices to a dense Tensor of unknown shape. "
2020-02-28 15:03:42.078353: W tensorflow/core/platform/cpu_feature_guard.cc:45] The TensorFlow library wasn't compiled to use SSE4.1 instructions, but these are available on your machine and could speed up CPU computations.
2020-02-28 15:03:42.078371: W tensorflow/core/platform/cpu_feature_guard.cc:45] The TensorFlow library wasn't compiled to use SSE4.2 instructions, but these are available on your machine and could speed up CPU computations.
2020-02-28 15:03:42.078375: W tensorflow/core/platform/cpu_feature_guard.cc:45] The TensorFlow library wasn't compiled to use AVX instructions, but these are available on your machine and could speed up CPU computations.
2020-02-28 15:03:42.078378: W tensorflow/core/platform/cpu_feature_guard.cc:45] The TensorFlow library wasn't compiled to use AVX2 instructions, but these are available on your machine and could speed up CPU computations.
2020-02-28 15:03:42.078380: W tensorflow/core/platform/cpu_feature_guard.cc:45] The TensorFlow library wasn't compiled to use FMA instructions, but these are available on your machine and could speed up CPU computations.
2020-02-28 15:03:42.140062: I tensorflow/stream_executor/cuda/cuda_gpu_executor.cc:893] successful NUMA node read from SysFS had negative value (-1), but there must be at least one NUMA node, so returning NUMA node zero
2020-02-28 15:03:42.140598: I tensorflow/core/common_runtime/gpu/gpu_device.cc:955] Found device 0 with properties: 
name: GeForce GTX TITAN X
major: 5 minor: 2 memoryClockRate (GHz) 1.076
pciBusID 0000:01:00.0
Total memory: 11.93GiB
Free memory: 11.77GiB
2020-02-28 15:03:42.140610: I tensorflow/core/common_runtime/gpu/gpu_device.cc:976] DMA: 0 
2020-02-28 15:03:42.140613: I tensorflow/core/common_runtime/gpu/gpu_device.cc:986] 0:   Y 
2020-02-28 15:03:42.140618: I tensorflow/core/common_runtime/gpu/gpu_device.cc:1045] Creating TensorFlow device (/gpu:0) -> (device: 0, name: GeForce GTX TITAN X, pci bus id: 0000:01:00.0)
/home/mapa3789/anaconda2/envs/py2tf1.3/lib/python2.7/site-packages/skimage/transform/_warps.py:105: UserWarning: The default mode, 'constant', will be changed to 'reflect' in skimage 0.15.
  warn("The default mode, 'constant', will be changed to 'reflect' in "
/home/mapa3789/anaconda2/envs/py2tf1.3/lib/python2.7/site-packages/skimage/transform/_warps.py:110: UserWarning: Anti-aliasing will be enabled by default in skimage 0.15 to avoid aliasing artifacts when down-sampling images.
  warn("Anti-aliasing will be enabled by default in skimage 0.15 to "
Saving logs into 2020_02_28_15_03_50
Total Epochs: 5, Total Iterations per Epoch 7572
Epoch 1, Iteration 128
Mean loss = 2344.453613, iter loss = 145.823898, 64
Epoch 1, Iteration 256
Mean loss = 1225.487061, iter loss = 108.398621, 64
Epoch 1, Iteration 384
Mean loss = 835.563416, iter loss = 44.469292, 64
Epoch 1, Iteration 512
Mean loss = 637.140015, iter loss = 32.579586, 64
Epoch 1, Iteration 640
Mean loss = 517.735718, iter loss = 35.633900, 64
Epoch 1, Iteration 768
Mean loss = 437.637695, iter loss = 47.968220, 64
Epoch 1, Iteration 896
Mean loss = 380.383789, iter loss = 26.294554, 64
Epoch 1, Iteration 1024
Mean loss = 337.942230, iter loss = 31.031996, 64
Epoch 1, Iteration 1152
Mean loss = 304.835571, iter loss = 26.028145, 64
Epoch 1, Iteration 1280
Mean loss = 278.166565, iter loss = 50.964832, 64
Epoch 1, Iteration 1408
Mean loss = 256.375580, iter loss = 23.881447, 64
Epoch 1, Iteration 1536
Mean loss = 237.937759, iter loss = 26.958103, 64
Epoch 1, Iteration 1664
Mean loss = 222.325333, iter loss = 52.024769, 64
Epoch 1, Iteration 1792
Mean loss = 209.163223, iter loss = 21.606363, 64
Epoch 1, Iteration 1920
Mean loss = 197.737610, iter loss = 55.090565, 64
Epoch 1, Iteration 2048
Mean loss = 187.429794, iter loss = 23.117561, 64
Epoch 1, Iteration 2176
Mean loss = 178.593811, iter loss = 23.199978, 64
Epoch 1, Iteration 2304
Mean loss = 170.453613, iter loss = 22.199938, 64
Epoch 1, Iteration 2432
Mean loss = 163.138382, iter loss = 20.958303, 64
Epoch 1, Iteration 2560
Mean loss = 156.772064, iter loss = 32.637634, 64
Epoch 1, Iteration 2688
Mean loss = 150.864395, iter loss = 29.281456, 64
Epoch 1, Iteration 2816
Mean loss = 145.595291, iter loss = 25.696447, 64
Epoch 1, Iteration 2944
Mean loss = 140.758255, iter loss = 24.172009, 64
Epoch 1, Iteration 3072
Mean loss = 136.273544, iter loss = 48.792355, 64
Epoch 1, Iteration 3200
Mean loss = 132.074677, iter loss = 17.718542, 64
Epoch 1, Iteration 3328
Mean loss = 128.274017, iter loss = 20.389292, 64
Epoch 1, Iteration 3456
Mean loss = 124.707031, iter loss = 40.529705, 64
Epoch 1, Iteration 3584
Mean loss = 121.550011, iter loss = 38.133823, 64
Epoch 1, Iteration 3712
Mean loss = 118.430130, iter loss = 25.165871, 64
Epoch 1, Iteration 3840
Mean loss = 115.566368, iter loss = 26.627842, 64
Epoch 1, Iteration 3968
Mean loss = 112.886780, iter loss = 47.498302, 64
Epoch 1, Iteration 4096
Mean loss = 110.367363, iter loss = 48.616604, 64
Epoch 1, Iteration 4224
Mean loss = 107.999435, iter loss = 25.844929, 64
Epoch 1, Iteration 4352
Mean loss = 105.839729, iter loss = 96.211052, 64
Epoch 1, Iteration 4480
Mean loss = 103.764343, iter loss = 23.322495, 64
Epoch 1, Iteration 4608
Mean loss = 101.833565, iter loss = 65.007561, 64
Epoch 1, Iteration 4736
Mean loss = 99.991966, iter loss = 33.548672, 64
Epoch 1, Iteration 4864
Mean loss = 98.179077, iter loss = 14.396169, 64
Epoch 1, Iteration 4992
Mean loss = 96.514709, iter loss = 26.130646, 64
Epoch 1, Iteration 5120
Mean loss = 94.880142, iter loss = 21.643051, 64
Epoch 1, Iteration 5248
Mean loss = 93.309929, iter loss = 34.710472, 64
Epoch 1, Iteration 5376
Mean loss = 91.834976, iter loss = 17.395903, 64
Epoch 1, Iteration 5504
Mean loss = 90.441353, iter loss = 21.387751, 64
Epoch 1, Iteration 5632
Mean loss = 89.020164, iter loss = 49.787006, 64
Epoch 1, Iteration 5760
Mean loss = 87.727234, iter loss = 74.827629, 64
Epoch 1, Iteration 5888
Mean loss = 86.462509, iter loss = 20.473286, 64
Epoch 1, Iteration 6016
Mean loss = 85.248917, iter loss = 25.125786, 64
Epoch 1, Iteration 6144
Mean loss = 84.138725, iter loss = 24.177488, 64
Epoch 1, Iteration 6272
Mean loss = 83.097443, iter loss = 31.394201, 64
Epoch 1, Iteration 6400
Mean loss = 82.155106, iter loss = 27.467741, 64
Epoch 1, Iteration 6528
Mean loss = 81.210564, iter loss = 19.713654, 64
Epoch 1, Iteration 6656
Mean loss = 80.177078, iter loss = 18.940125, 64
Epoch 1, Iteration 6784
Mean loss = 79.266388, iter loss = 26.776413, 64
Epoch 1, Iteration 6912
Mean loss = 78.373894, iter loss = 24.431919, 64
Epoch 1, Iteration 7040
Mean loss = 77.499847, iter loss = 34.546677, 64
Epoch 1, Iteration 7168
Mean loss = 76.707077, iter loss = 21.928030, 64
Epoch 1, Iteration 7296
Mean loss = 75.859695, iter loss = 29.055723, 64
Epoch 1, Iteration 7424
Mean loss = 75.063423, iter loss = 20.354132, 64
Epoch 1, Iteration 7552
Mean loss = 74.298561, iter loss = 30.496199, 64
Model saved in file: Data/checkpoint/2020_02_28_15_03_50/gcn.ckpt
Epoch 2, Iteration 128
Mean loss = 30.415215, iter loss = 23.497673, 64
Epoch 2, Iteration 256
Mean loss = 30.764952, iter loss = 57.996296, 64
Epoch 2, Iteration 384
Mean loss = 31.733290, iter loss = 25.521736, 64
Epoch 2, Iteration 512
Mean loss = 31.383312, iter loss = 34.431503, 64
Epoch 2, Iteration 640
Mean loss = 30.672382, iter loss = 25.039663, 64
Epoch 2, Iteration 768
Mean loss = 30.577301, iter loss = 25.840088, 64
Epoch 2, Iteration 896
Mean loss = 30.370016, iter loss = 31.697445, 64
Epoch 2, Iteration 1024
Mean loss = 30.012104, iter loss = 18.912941, 64
Epoch 2, Iteration 1152
Mean loss = 29.732353, iter loss = 24.826447, 64
Epoch 2, Iteration 1280
Mean loss = 29.499619, iter loss = 30.892372, 64
Epoch 2, Iteration 1408
Mean loss = 29.382109, iter loss = 41.682724, 64
Epoch 2, Iteration 1536
Mean loss = 29.263374, iter loss = 22.335560, 64
Epoch 2, Iteration 1664
Mean loss = 29.284576, iter loss = 35.716709, 64
Epoch 2, Iteration 1792
Mean loss = 29.226288, iter loss = 30.195023, 64
Epoch 2, Iteration 1920
Mean loss = 29.380043, iter loss = 63.221531, 64
Epoch 2, Iteration 2048
Mean loss = 29.498798, iter loss = 33.009937, 64
Epoch 2, Iteration 2176
Mean loss = 29.274406, iter loss = 17.339178, 64
Epoch 2, Iteration 2304
Mean loss = 29.218319, iter loss = 18.705780, 64
Epoch 2, Iteration 2432
Mean loss = 29.170395, iter loss = 26.936357, 64
Epoch 2, Iteration 2560
Mean loss = 29.053106, iter loss = 17.962835, 64
Epoch 2, Iteration 2688
Mean loss = 28.892029, iter loss = 45.123486, 64
Epoch 2, Iteration 2816
Mean loss = 28.839588, iter loss = 18.969143, 64
Epoch 2, Iteration 2944
Mean loss = 28.811592, iter loss = 31.587833, 64
Epoch 2, Iteration 3072
Mean loss = 28.872721, iter loss = 27.805807, 64
Epoch 2, Iteration 3200
Mean loss = 28.832870, iter loss = 14.639957, 64
Epoch 2, Iteration 3328
Mean loss = 28.753305, iter loss = 33.943260, 64
Epoch 2, Iteration 3456
Mean loss = 28.676201, iter loss = 53.326096, 64
Epoch 2, Iteration 3584
Mean loss = 28.622768, iter loss = 52.886055, 64
Epoch 2, Iteration 3712
Mean loss = 28.702002, iter loss = 35.084633, 64
Epoch 2, Iteration 3840
Mean loss = 28.622387, iter loss = 23.782053, 64
Epoch 2, Iteration 3968
Mean loss = 28.568836, iter loss = 16.330296, 64
Epoch 2, Iteration 4096
Mean loss = 28.551435, iter loss = 49.764645, 64
Epoch 2, Iteration 4224
Mean loss = 28.473623, iter loss = 24.815630, 64
Epoch 2, Iteration 4352
Mean loss = 28.380264, iter loss = 26.176975, 64
Epoch 2, Iteration 4480
Mean loss = 28.282328, iter loss = 16.720423, 64
Epoch 2, Iteration 4608
Mean loss = 28.215992, iter loss = 23.106695, 64
Epoch 2, Iteration 4736
Mean loss = 28.237318, iter loss = 14.341597, 64
Epoch 2, Iteration 4864
Mean loss = 28.153793, iter loss = 25.238064, 64
Epoch 2, Iteration 4992
Mean loss = 28.167301, iter loss = 19.515574, 64
Epoch 2, Iteration 5120
Mean loss = 28.192993, iter loss = 20.886520, 64
Epoch 2, Iteration 5248
Mean loss = 28.223249, iter loss = 14.514757, 64
Epoch 2, Iteration 5376
Mean loss = 28.192795, iter loss = 20.619751, 64
Epoch 2, Iteration 5504
Mean loss = 28.121792, iter loss = 44.351929, 64
Epoch 2, Iteration 5632
Mean loss = 28.078392, iter loss = 22.270193, 64
Epoch 2, Iteration 5760
Mean loss = 28.046869, iter loss = 35.194721, 64
Epoch 2, Iteration 5888
Mean loss = 27.959867, iter loss = 19.664745, 64
Epoch 2, Iteration 6016
Mean loss = 27.930450, iter loss = 17.123749, 64
Epoch 2, Iteration 6144
Mean loss = 27.889956, iter loss = 19.490129, 64
Epoch 2, Iteration 6272
Mean loss = 27.801552, iter loss = 27.224834, 64
Epoch 2, Iteration 6400
Mean loss = 27.734447, iter loss = 22.874918, 64
Epoch 2, Iteration 6528
Mean loss = 27.675716, iter loss = 24.528288, 64
Epoch 2, Iteration 6656
Mean loss = 27.702097, iter loss = 29.012455, 64
Epoch 2, Iteration 6784
Mean loss = 27.650509, iter loss = 18.591034, 64
Epoch 2, Iteration 6912
Mean loss = 27.633863, iter loss = 32.829899, 64
Epoch 2, Iteration 7040
Mean loss = 27.591507, iter loss = 19.044621, 64
Epoch 2, Iteration 7168
Mean loss = 27.502483, iter loss = 21.389359, 64
Epoch 2, Iteration 7296
Mean loss = 27.423185, iter loss = 19.350521, 64
Epoch 2, Iteration 7424
Mean loss = 27.367863, iter loss = 19.156708, 64
Epoch 2, Iteration 7552
Mean loss = 27.262033, iter loss = 16.941868, 64
Model saved in file: Data/checkpoint/2020_02_28_15_03_50/gcn.ckpt
Epoch 3, Iteration 128
Mean loss = 24.653843, iter loss = 20.759352, 64
Epoch 3, Iteration 256
Mean loss = 22.681726, iter loss = 17.106136, 64
Epoch 3, Iteration 384
Mean loss = 22.459497, iter loss = 14.086965, 64
Epoch 3, Iteration 512
Mean loss = 22.637329, iter loss = 25.131384, 64
Epoch 3, Iteration 640
Mean loss = 22.764788, iter loss = 28.074436, 64
Epoch 3, Iteration 768
Mean loss = 22.107576, iter loss = 13.353348, 64
Epoch 3, Iteration 896
Mean loss = 22.228865, iter loss = 39.203510, 64
Epoch 3, Iteration 1024
Mean loss = 22.095322, iter loss = 18.419506, 64
Epoch 3, Iteration 1152
Mean loss = 22.033791, iter loss = 11.903227, 64
Epoch 3, Iteration 1280
Mean loss = 21.674404, iter loss = 10.060337, 64
Epoch 3, Iteration 1408
Mean loss = 21.589937, iter loss = 17.523954, 64
Epoch 3, Iteration 1536
Mean loss = 21.627853, iter loss = 24.890606, 64
Epoch 3, Iteration 1664
Mean loss = 21.627882, iter loss = 27.763826, 64
Epoch 3, Iteration 1792
Mean loss = 21.545485, iter loss = 13.742731, 64
Epoch 3, Iteration 1920
Mean loss = 21.406330, iter loss = 18.067596, 64
Epoch 3, Iteration 2048
Mean loss = 21.188587, iter loss = 14.807170, 64
Epoch 3, Iteration 2176
Mean loss = 20.990339, iter loss = 11.420891, 64
Epoch 3, Iteration 2304
Mean loss = 20.936968, iter loss = 18.791344, 64
Epoch 3, Iteration 2432
Mean loss = 20.756897, iter loss = 12.511250, 64
Epoch 3, Iteration 2560
Mean loss = 20.769241, iter loss = 13.017241, 64
Epoch 3, Iteration 2688
Mean loss = 20.607290, iter loss = 13.201011, 64
Epoch 3, Iteration 2816
Mean loss = 20.549864, iter loss = 22.374851, 64
Epoch 3, Iteration 2944
Mean loss = 20.403454, iter loss = 12.496505, 64
Epoch 3, Iteration 3072
Mean loss = 20.317892, iter loss = 17.980118, 64
Epoch 3, Iteration 3200
Mean loss = 20.208582, iter loss = 13.271206, 64
Epoch 3, Iteration 3328
Mean loss = 20.092369, iter loss = 23.270803, 64
Epoch 3, Iteration 3456
Mean loss = 19.951979, iter loss = 13.518410, 64
Epoch 3, Iteration 3584
Mean loss = 19.856796, iter loss = 10.263759, 64
Epoch 3, Iteration 3712
Mean loss = 19.769999, iter loss = 22.394949, 64
Epoch 3, Iteration 3840
Mean loss = 19.710804, iter loss = 11.834338, 64
Epoch 3, Iteration 3968
Mean loss = 19.660460, iter loss = 9.379168, 64
Epoch 3, Iteration 4096
Mean loss = 19.570068, iter loss = 19.799736, 64
Epoch 3, Iteration 4224
Mean loss = 19.528229, iter loss = 12.131907, 64
Epoch 3, Iteration 4352
Mean loss = 19.477720, iter loss = 13.121298, 64
Epoch 3, Iteration 4480
Mean loss = 19.472399, iter loss = 16.310423, 64
Epoch 3, Iteration 4608
Mean loss = 19.361822, iter loss = 8.291756, 64
Epoch 3, Iteration 4736
Mean loss = 19.321402, iter loss = 13.108932, 64
Epoch 3, Iteration 4864
Mean loss = 19.235289, iter loss = 13.446288, 64
Epoch 3, Iteration 4992
Mean loss = 19.174164, iter loss = 14.142167, 64
Epoch 3, Iteration 5120
Mean loss = 19.102247, iter loss = 25.270290, 64
Epoch 3, Iteration 5248
Mean loss = 18.992056, iter loss = 14.127193, 64
Epoch 3, Iteration 5376
Mean loss = 18.948267, iter loss = 12.026809, 64
Epoch 3, Iteration 5504
Mean loss = 18.910156, iter loss = 33.687428, 64
Epoch 3, Iteration 5632
Mean loss = 18.864779, iter loss = 16.689423, 64
Epoch 3, Iteration 5760
Mean loss = 18.786562, iter loss = 17.486822, 64
Epoch 3, Iteration 5888
Mean loss = 18.684010, iter loss = 25.082727, 64
Epoch 3, Iteration 6016
Mean loss = 18.637705, iter loss = 11.514922, 64
Epoch 3, Iteration 6144
Mean loss = 18.576479, iter loss = 11.935628, 64
Epoch 3, Iteration 6272
Mean loss = 18.483946, iter loss = 9.206964, 64
Epoch 3, Iteration 6400
Mean loss = 18.400520, iter loss = 36.507874, 64
Epoch 3, Iteration 6528
Mean loss = 18.365005, iter loss = 15.085934, 64
Epoch 3, Iteration 6656
Mean loss = 18.336809, iter loss = 15.138962, 64
Epoch 3, Iteration 6784
Mean loss = 18.233009, iter loss = 11.435909, 64
Epoch 3, Iteration 6912
Mean loss = 18.166372, iter loss = 15.506017, 64
Epoch 3, Iteration 7040
Mean loss = 18.124163, iter loss = 17.258005, 64
Epoch 3, Iteration 7168
Mean loss = 18.110970, iter loss = 10.057668, 64
Epoch 3, Iteration 7296
Mean loss = 18.062592, iter loss = 11.097834, 64
Epoch 3, Iteration 7424
Mean loss = 18.013262, iter loss = 19.668514, 64
Epoch 3, Iteration 7552
Mean loss = 17.977133, iter loss = 48.129562, 64
Model saved in file: Data/checkpoint/2020_02_28_15_03_50/gcn.ckpt
Epoch 4, Iteration 128
Mean loss = 15.324629, iter loss = 17.729670, 64
Epoch 4, Iteration 256
Mean loss = 14.949075, iter loss = 14.190081, 64
Epoch 4, Iteration 384
Mean loss = 15.722173, iter loss = 10.927372, 64
Epoch 4, Iteration 512
Mean loss = 15.260214, iter loss = 10.882812, 64
Epoch 4, Iteration 640
Mean loss = 15.356166, iter loss = 26.590307, 64
Epoch 4, Iteration 768
Mean loss = 15.318932, iter loss = 9.242259, 64
Epoch 4, Iteration 896
Mean loss = 15.568702, iter loss = 10.493886, 64
Epoch 4, Iteration 1024
Mean loss = 15.385012, iter loss = 21.188728, 64
Epoch 4, Iteration 1152
Mean loss = 15.130100, iter loss = 10.534243, 64
Epoch 4, Iteration 1280
Mean loss = 14.834165, iter loss = 9.638609, 64
Epoch 4, Iteration 1408
Mean loss = 14.970194, iter loss = 9.213171, 64
Epoch 4, Iteration 1536
Mean loss = 14.869349, iter loss = 11.962977, 64
Epoch 4, Iteration 1664
Mean loss = 14.867019, iter loss = 8.562762, 64
Epoch 4, Iteration 1792
Mean loss = 14.778937, iter loss = 15.585574, 64
Epoch 4, Iteration 1920
Mean loss = 14.642980, iter loss = 11.901032, 64
Epoch 4, Iteration 2048
Mean loss = 14.574427, iter loss = 9.768835, 64
Epoch 4, Iteration 2176
Mean loss = 14.646269, iter loss = 9.740819, 64
Epoch 4, Iteration 2304
Mean loss = 14.602600, iter loss = 12.542533, 64
Epoch 4, Iteration 2432
Mean loss = 14.532555, iter loss = 17.395090, 64
Epoch 4, Iteration 2560
Mean loss = 14.502782, iter loss = 10.202973, 64
Epoch 4, Iteration 2688
Mean loss = 14.421852, iter loss = 28.005892, 64
Epoch 4, Iteration 2816
Mean loss = 14.420974, iter loss = 10.375458, 64
Epoch 4, Iteration 2944
Mean loss = 14.406145, iter loss = 18.338110, 64
Epoch 4, Iteration 3072
Mean loss = 14.375209, iter loss = 10.152170, 64
Epoch 4, Iteration 3200
Mean loss = 14.395398, iter loss = 12.585453, 64
Epoch 4, Iteration 3328
Mean loss = 14.551900, iter loss = 9.740462, 64
Epoch 4, Iteration 3456
Mean loss = 14.511059, iter loss = 10.064327, 64
Epoch 4, Iteration 3584
Mean loss = 14.430203, iter loss = 9.222656, 64
Epoch 4, Iteration 3712
Mean loss = 14.503515, iter loss = 9.459909, 64
Epoch 4, Iteration 3840
Mean loss = 14.526042, iter loss = 12.679692, 64
Epoch 4, Iteration 3968
Mean loss = 14.508815, iter loss = 38.135525, 64
Epoch 4, Iteration 4096
Mean loss = 14.459571, iter loss = 8.307360, 64
Epoch 4, Iteration 4224
Mean loss = 14.462173, iter loss = 19.787743, 64
Epoch 4, Iteration 4352
Mean loss = 14.438701, iter loss = 11.920083, 64
Epoch 4, Iteration 4480
Mean loss = 14.408199, iter loss = 15.388346, 64
Epoch 4, Iteration 4608
Mean loss = 14.364946, iter loss = 17.960905, 64
Epoch 4, Iteration 4736
Mean loss = 14.341623, iter loss = 24.305334, 64
Epoch 4, Iteration 4864
Mean loss = 14.394386, iter loss = 10.079053, 64
Epoch 4, Iteration 4992
Mean loss = 14.344432, iter loss = 8.849851, 64
Epoch 4, Iteration 5120
Mean loss = 14.291699, iter loss = 10.024877, 64
Epoch 4, Iteration 5248
Mean loss = 14.250656, iter loss = 7.815000, 64
Epoch 4, Iteration 5376
Mean loss = 14.204084, iter loss = 8.698966, 64
Epoch 4, Iteration 5504
Mean loss = 14.131961, iter loss = 10.118279, 64
Epoch 4, Iteration 5632
Mean loss = 14.140342, iter loss = 10.452523, 64
Epoch 4, Iteration 5760
Mean loss = 14.068709, iter loss = 32.894230, 64
Epoch 4, Iteration 5888
Mean loss = 14.041675, iter loss = 9.901202, 64
Epoch 4, Iteration 6016
Mean loss = 14.034615, iter loss = 21.791679, 64
Epoch 4, Iteration 6144
Mean loss = 14.077332, iter loss = 8.434896, 64
Epoch 4, Iteration 6272
Mean loss = 14.067896, iter loss = 15.238895, 64
Epoch 4, Iteration 6400
Mean loss = 14.026010, iter loss = 12.697363, 64
Epoch 4, Iteration 6528
Mean loss = 13.990588, iter loss = 7.272179, 64
Epoch 4, Iteration 6656
Mean loss = 13.974952, iter loss = 9.156003, 64
Epoch 4, Iteration 6784
Mean loss = 13.953907, iter loss = 14.434157, 64
Epoch 4, Iteration 6912
Mean loss = 13.950962, iter loss = 14.490260, 64
Epoch 4, Iteration 7040
Mean loss = 13.952414, iter loss = 12.458824, 64
Epoch 4, Iteration 7168
Mean loss = 13.930513, iter loss = 11.383466, 64
Epoch 4, Iteration 7296
Mean loss = 13.960394, iter loss = 9.282376, 64
Epoch 4, Iteration 7424
Mean loss = 13.915921, iter loss = 8.067081, 64
Epoch 4, Iteration 7552
Mean loss = 13.865977, iter loss = 9.429423, 64
Model saved in file: Data/checkpoint/2020_02_28_15_03_50/gcn.ckpt
Epoch 5, Iteration 128
Mean loss = 13.575268, iter loss = 16.712152, 64
Epoch 5, Iteration 256
Mean loss = 13.589459, iter loss = 9.464352, 64
Epoch 5, Iteration 384
Mean loss = 13.985942, iter loss = 10.774613, 64
Epoch 5, Iteration 512
Mean loss = 13.531933, iter loss = 19.840725, 64
Epoch 5, Iteration 640
Mean loss = 13.416020, iter loss = 10.654557, 64
Epoch 5, Iteration 768
Mean loss = 13.171210, iter loss = 8.818054, 64
Epoch 5, Iteration 896
Mean loss = 13.139742, iter loss = 8.907508, 64
Epoch 5, Iteration 1024
Mean loss = 12.945156, iter loss = 10.443743, 64
Epoch 5, Iteration 1152
Mean loss = 12.811473, iter loss = 12.272389, 64
Epoch 5, Iteration 1280
Mean loss = 13.150782, iter loss = 9.467900, 64
Epoch 5, Iteration 1408
Mean loss = 13.010853, iter loss = 9.167874, 64
Epoch 5, Iteration 1536
Mean loss = 12.954282, iter loss = 9.538800, 64
Epoch 5, Iteration 1664
Mean loss = 13.009457, iter loss = 8.457524, 64
Epoch 5, Iteration 1792
Mean loss = 13.064675, iter loss = 11.615136, 64
Epoch 5, Iteration 1920
Mean loss = 12.982660, iter loss = 7.939049, 64
Epoch 5, Iteration 2048
Mean loss = 12.959881, iter loss = 11.912393, 64
Epoch 5, Iteration 2176
Mean loss = 12.981339, iter loss = 7.004397, 64
Epoch 5, Iteration 2304
Mean loss = 12.850792, iter loss = 7.426681, 64
Epoch 5, Iteration 2432
Mean loss = 12.869522, iter loss = 27.219086, 64
Epoch 5, Iteration 2560
Mean loss = 12.884419, iter loss = 7.295567, 64
Epoch 5, Iteration 2688
Mean loss = 12.908485, iter loss = 8.041046, 64
Epoch 5, Iteration 2816
Mean loss = 12.915844, iter loss = 37.285069, 64
Epoch 5, Iteration 2944
Mean loss = 13.021498, iter loss = 9.262920, 64
Epoch 5, Iteration 3072
Mean loss = 13.000463, iter loss = 13.224455, 64
Epoch 5, Iteration 3200
Mean loss = 12.997981, iter loss = 19.028347, 64
Epoch 5, Iteration 3328
Mean loss = 12.987133, iter loss = 9.082721, 64
Epoch 5, Iteration 3456
Mean loss = 12.955312, iter loss = 9.419998, 64
Epoch 5, Iteration 3584
Mean loss = 12.886514, iter loss = 9.389873, 64
Epoch 5, Iteration 3712
Mean loss = 12.798273, iter loss = 8.753396, 64
Epoch 5, Iteration 3840
Mean loss = 12.833166, iter loss = 10.710564, 64
Epoch 5, Iteration 3968
Mean loss = 12.907892, iter loss = 8.264042, 64
Epoch 5, Iteration 4096
Mean loss = 12.981991, iter loss = 9.945570, 64
Epoch 5, Iteration 4224
Mean loss = 12.934198, iter loss = 8.759066, 64
Epoch 5, Iteration 4352
Mean loss = 12.921765, iter loss = 9.022882, 64
Epoch 5, Iteration 4480
Mean loss = 12.892838, iter loss = 10.762312, 64
Epoch 5, Iteration 4608
Mean loss = 12.843365, iter loss = 8.672467, 64
Epoch 5, Iteration 4736
Mean loss = 12.788317, iter loss = 6.456591, 64
Epoch 5, Iteration 4864
Mean loss = 12.755932, iter loss = 9.208486, 64
Epoch 5, Iteration 4992
Mean loss = 12.713750, iter loss = 8.708023, 64
Epoch 5, Iteration 5120
Mean loss = 12.704591, iter loss = 17.662868, 64
Epoch 5, Iteration 5248
Mean loss = 12.686415, iter loss = 8.876769, 64
Epoch 5, Iteration 5376
Mean loss = 12.681120, iter loss = 9.825322, 64
Epoch 5, Iteration 5504
Mean loss = 12.645062, iter loss = 8.856437, 64
Epoch 5, Iteration 5632
Mean loss = 12.604212, iter loss = 7.667994, 64
Epoch 5, Iteration 5760
Mean loss = 12.568159, iter loss = 7.611373, 64
Epoch 5, Iteration 5888
Mean loss = 12.608563, iter loss = 10.874827, 64
Epoch 5, Iteration 6016
Mean loss = 12.582134, iter loss = 7.770430, 64
Epoch 5, Iteration 6144
Mean loss = 12.558449, iter loss = 8.998323, 64
Epoch 5, Iteration 6272
Mean loss = 12.500358, iter loss = 6.313324, 64
Epoch 5, Iteration 6400
Mean loss = 12.469329, iter loss = 22.406174, 64
Epoch 5, Iteration 6528
Mean loss = 12.459648, iter loss = 14.332679, 64
Epoch 5, Iteration 6656
Mean loss = 12.460417, iter loss = 10.879964, 64
Epoch 5, Iteration 6784
Mean loss = 12.427552, iter loss = 9.037947, 64
Epoch 5, Iteration 6912
Mean loss = 12.412647, iter loss = 8.757174, 64
Epoch 5, Iteration 7040
Mean loss = 12.383177, iter loss = 10.065629, 64
Epoch 5, Iteration 7168
Mean loss = 12.394590, iter loss = 8.579387, 64
Epoch 5, Iteration 7296
Mean loss = 12.360739, iter loss = 10.818150, 64
Epoch 5, Iteration 7424
Mean loss = 12.362324, iter loss = 8.337543, 64
Epoch 5, Iteration 7552
Mean loss = 12.382508, iter loss = 11.676102, 64
Model saved in file: Data/checkpoint/2020_02_28_15_03_50/gcn.ckpt
Training Finished!
